<?xml version="1.0" encoding="UTF-8"?>
<testng-results skipped="0" failed="0" total="0" passed="0">
  <reporter-output>
  </reporter-output>
  <suite name="common.RunnerTest" duration-ms="0" started-at="2017-10-23T22:06:48Z" finished-at="2017-10-23T22:06:48Z">
    <groups>
    </groups>
    <test name="Command line test" duration-ms="0" started-at="2017-10-23T22:06:48Z" finished-at="2017-10-23T22:06:48Z">
    </test> <!-- Command line test -->
  </suite> <!-- common.RunnerTest -->
</testng-results>
